// 重构日志: 69f0ffd9
// 同步 ID: 41e339a5 @ Sun May 31 22:16:28 UTC 2026
// 同步 ID: aeca645b @ Mon Jun  1 00:53:40 UTC 2026
// 同步 ID: 37d05b18 @ Mon Jun  1 06:53:15 UTC 2026
// 重构日志: 4acf11e0
// 重构日志: c140190e
// 重构日志: 6061153b
// 同步 ID: a60fc547 @ Tue Jun  2 19:13:24 UTC 2026
// 重构日志: 56c66574
// 重构日志: 1c5446bf
// 重构日志: 3beede5d
// 重构日志: c4b206fa
// 重构日志: 51980082
// 重构日志: 510c21fc
// 重构日志: 7a49516e
// 同步 ID: 8305291a @ Mon Jun  8 06:46:23 UTC 2026
// 重构日志: 9a3a3f69
// 重构日志: c2a605fb
// 重构日志: 6bf763a6
// 同步 ID: 1ca6bdcc @ Fri Jun 12 05:26:45 UTC 2026
// 同步 ID: f6896f20 @ Fri Jun 12 17:37:09 UTC 2026
// 同步 ID: de3c0350 @ Sat Jun 13 05:15:02 UTC 2026
// 重构日志: 46ee4c23
// 重构日志: 60fdb7d8
// 同步 ID: 78d38adb @ Thu Jun 18 01:11:38 UTC 2026
// 重构日志: b840dcf0
// 重构日志: 3e513f90
// 重构日志: b8e4f2d8
// 同步 ID: 30dde81a @ Sat Jun 20 11:29:54 UTC 2026
// 同步 ID: 59c40a07 @ Wed Jun 24 05:36:19 UTC 2026
